<?xml version="1.0" encoding="UTF-8"?>
<!-- Generated by org.testng.reporters.JUnitXMLReporter -->
<testsuite ignored="4" hostname="LAPTOP-P31RG0TB" failures="0" tests="1" name="Default test" time="17.116" errors="0" timestamp="2024-12-23T13:57:37 WET">
  <testcase classname="TestCases.GlobalSettingOverviewTest" name="TC002_Admin_can_able_to_select_the_language_English" time="11.106"/>
  <testcase classname="TestCases.GlobalSettingOverviewTest" name="TC004_Admin_can_able_to_select_the_TimeZone" time="0.0">
    <ignored/>
  </testcase> <!-- TC004_Admin_can_able_to_select_the_TimeZone -->
  <testcase classname="TestCases.GlobalSettingOverviewTest" name="TC001_Admin_can_able_to_click_or_Navigate_to_Setting_overviewPage" time="0.0">
    <ignored/>
  </testcase> <!-- TC001_Admin_can_able_to_click_or_Navigate_to_Setting_overviewPage -->
  <testcase classname="TestCases.GlobalSettingOverviewTest" name="TC005_Admin_can_able_to_select_the_Currency" time="0.0">
    <ignored/>
  </testcase> <!-- TC005_Admin_can_able_to_select_the_Currency -->
  <testcase classname="TestCases.GlobalSettingOverviewTest" name="TC003_Admin_can_able_to_select_the_language_Portuguese" time="0.0">
    <ignored/>
  </testcase> <!-- TC003_Admin_can_able_to_select_the_language_Portuguese -->
</testsuite> <!-- Default test -->
