<?xml version="1.0" encoding="UTF-8"?>
<!-- Generated by org.testng.reporters.JUnitXMLReporter -->
<testsuite ignored="0" hostname="LAPTOP-P31RG0TB" failures="1" tests="1" name="Test" time="9.236" errors="0" timestamp="2024-10-25T09:46:35 WEST">
  <testcase classname="TestCases.NavigationTest" name="TC001_SuperAdmin_can_able_to_click_and_check_text_in_the_navigatio" time="0.024">
    <failure type="java.lang.Error" message="Unresolved compilation problem: 
	env cannot be resolved
">
      <![CDATA[java.lang.Error: Unresolved compilation problem: 
env cannot be resolved

at TestCases.NavigationTest.TC001_SuperAdmin_can_able_to_click_and_check_text_in_the_navigatio(NavigationTest.java:27)
at java.base/java.util.ArrayList.forEach(ArrayList.java:1511)
... Removed 27 stack frames]]>
    </failure>
  </testcase> <!-- TC001_SuperAdmin_can_able_to_click_and_check_text_in_the_navigatio -->
</testsuite> <!-- Test -->
